[debug] [2022-06-27T19:43:26.852Z] ----------------------------------------------------------------------
[debug] [2022-06-27T19:43:26.853Z] Command:       C:\Program Files\nodejs\node.exe C:\Users\onurk\AppData\Roaming\npm\node_modules\firebase-tools\lib\bin\firebase.js init
[debug] [2022-06-27T19:43:26.854Z] CLI Version:   11.1.0
[debug] [2022-06-27T19:43:26.854Z] Platform:      win32
[debug] [2022-06-27T19:43:26.854Z] Node Version:  v16.15.0
[debug] [2022-06-27T19:43:26.854Z] Time:          Mon Jun 27 2022 14:43:26 GMT-0500 (Central Daylight Time)
[debug] [2022-06-27T19:43:26.855Z] ----------------------------------------------------------------------
[debug] 
[debug] [2022-06-27T19:43:26.861Z] > command requires scopes: ["email","openid","https://www.googleapis.com/auth/cloudplatformprojects.readonly","https://www.googleapis.com/auth/firebase","https://www.googleapis.com/auth/cloud-platform"]
[debug] [2022-06-27T19:43:26.861Z] > authorizing via signed-in user (onurkanmaz@gmail.com)
[info] 
     ######## #### ########  ######## ########     ###     ######  ########
     ##        ##  ##     ## ##       ##     ##  ##   ##  ##       ##
     ######    ##  ########  ######   ########  #########  ######  ######
     ##        ##  ##    ##  ##       ##     ## ##     ##       ## ##
     ##       #### ##     ## ######## ########  ##     ##  ######  ########

You're about to initialize a Firebase project in this directory:

  C:\Users\onurk\OneDrive\Desktop\Item Management Application\src

[info] 
=== Project Setup
[info] 
[info] First, let's associate this project directory with a Firebase project.
[info] You can create multiple project aliases by running firebase use --add, 
[info] but for now we'll just set up a default project.
[info] 
[debug] [2022-06-27T19:43:56.063Z] ----------------------------------------------------------------------
[debug] [2022-06-27T19:43:56.064Z] Command:       C:\Program Files\nodejs\node.exe C:\Users\onurk\AppData\Roaming\npm\node_modules\firebase-tools\lib\bin\firebase.js init
[debug] [2022-06-27T19:43:56.064Z] CLI Version:   11.1.0
[debug] [2022-06-27T19:43:56.064Z] Platform:      win32
[debug] [2022-06-27T19:43:56.065Z] Node Version:  v16.15.0
[debug] [2022-06-27T19:43:56.065Z] Time:          Mon Jun 27 2022 14:43:56 GMT-0500 (Central Daylight Time)
[debug] [2022-06-27T19:43:56.065Z] ----------------------------------------------------------------------
[debug] 
[debug] [2022-06-27T19:43:56.070Z] > command requires scopes: ["email","openid","https://www.googleapis.com/auth/cloudplatformprojects.readonly","https://www.googleapis.com/auth/firebase","https://www.googleapis.com/auth/cloud-platform"]
[debug] [2022-06-27T19:43:56.071Z] > authorizing via signed-in user (onurkanmaz@gmail.com)
[info] 
     ######## #### ########  ######## ########     ###     ######  ########
     ##        ##  ##     ## ##       ##     ##  ##   ##  ##       ##
     ######    ##  ########  ######   ########  #########  ######  ######
     ##        ##  ##    ##  ##       ##     ## ##     ##       ## ##
     ##       #### ##     ## ######## ########  ##     ##  ######  ########

You're about to initialize a Firebase project in this directory:

  C:\Users\onurk\OneDrive\Desktop\Item Management Application\src

[info] 
=== Project Setup
[info] 
[info] First, let's associate this project directory with a Firebase project.
[info] You can create multiple project aliases by running firebase use --add, 
[info] but for now we'll just set up a default project.
[info] 
[debug] [2022-06-27T19:44:18.830Z] >>> [apiv2][query] GET https://firebase.googleapis.com/v1beta1/projects pageSize=100
[debug] [2022-06-27T19:44:19.157Z] <<< [apiv2][status] GET https://firebase.googleapis.com/v1beta1/projects 200
[debug] [2022-06-27T19:44:19.157Z] <<< [apiv2][body] GET https://firebase.googleapis.com/v1beta1/projects [omitted]
[info] i  Using project item-manager-707c2 (Item Manager) 
[info] 
=== Database Setup
[info] i  database: ensuring required API firebasedatabase.googleapis.com is enabled... 
[debug] [2022-06-27T19:44:23.074Z] >>> [apiv2][query] GET https://serviceusage.googleapis.com/v1/projects/item-manager-707c2/services/firebasedatabase.googleapis.com [none]
[debug] [2022-06-27T19:44:23.456Z] <<< [apiv2][status] GET https://serviceusage.googleapis.com/v1/projects/item-manager-707c2/services/firebasedatabase.googleapis.com 200
[debug] [2022-06-27T19:44:23.456Z] <<< [apiv2][body] GET https://serviceusage.googleapis.com/v1/projects/item-manager-707c2/services/firebasedatabase.googleapis.com [omitted]
[warn] !  database: missing required API firebasedatabase.googleapis.com. Enabling now... 
[debug] [2022-06-27T19:44:23.457Z] >>> [apiv2][query] POST https://serviceusage.googleapis.com/v1/projects/item-manager-707c2/services/firebasedatabase.googleapis.com:enable [none]
[debug] [2022-06-27T19:44:23.855Z] <<< [apiv2][status] POST https://serviceusage.googleapis.com/v1/projects/item-manager-707c2/services/firebasedatabase.googleapis.com:enable 200
[debug] [2022-06-27T19:44:23.855Z] <<< [apiv2][body] POST https://serviceusage.googleapis.com/v1/projects/item-manager-707c2/services/firebasedatabase.googleapis.com:enable [omitted]
[debug] [2022-06-27T19:44:33.856Z] >>> [apiv2][query] GET https://serviceusage.googleapis.com/v1/projects/item-manager-707c2/services/firebasedatabase.googleapis.com [none]
[debug] [2022-06-27T19:44:34.285Z] <<< [apiv2][status] GET https://serviceusage.googleapis.com/v1/projects/item-manager-707c2/services/firebasedatabase.googleapis.com 200
[debug] [2022-06-27T19:44:34.285Z] <<< [apiv2][body] GET https://serviceusage.googleapis.com/v1/projects/item-manager-707c2/services/firebasedatabase.googleapis.com [omitted]
[info] +  database: required API firebasedatabase.googleapis.com is enabled 
[info] 
[debug] [2022-06-27T19:44:34.288Z] >>> [apiv2][query] GET https://firebase.googleapis.com/v1beta1/projects/item-manager-707c2 [none]
[debug] [2022-06-27T19:44:34.666Z] <<< [apiv2][status] GET https://firebase.googleapis.com/v1beta1/projects/item-manager-707c2 200
[debug] [2022-06-27T19:44:34.667Z] <<< [apiv2][body] GET https://firebase.googleapis.com/v1beta1/projects/item-manager-707c2 {"projectId":"item-manager-707c2","projectNumber":"858332584629","displayName":"Item Manager","name":"projects/item-manager-707c2","resources":{"hostingSite":"item-manager-707c2"},"state":"ACTIVE"}
[debug] [2022-06-27T19:44:42.687Z] >>> [apiv2][query] POST https://firebasedatabase.googleapis.com/v1beta/projects/item-manager-707c2/locations/us-central1/instances databaseId=item-manager-707c2-default-rtdb&validateOnly=true
[debug] [2022-06-27T19:44:42.688Z] >>> [apiv2][body] POST https://firebasedatabase.googleapis.com/v1beta/projects/item-manager-707c2/locations/us-central1/instances {"type":"default_database"}
[debug] [2022-06-27T19:44:43.135Z] <<< [apiv2][status] POST https://firebasedatabase.googleapis.com/v1beta/projects/item-manager-707c2/locations/us-central1/instances 200
[debug] [2022-06-27T19:44:43.135Z] <<< [apiv2][body] POST https://firebasedatabase.googleapis.com/v1beta/projects/item-manager-707c2/locations/us-central1/instances {"name":"projects/858332584629/locations/us-central1/instances/item-manager-707c2-default-rtdb","project":"projects/858332584629","databaseUrl":"https://item-manager-707c2-default-rtdb.firebaseio.com","type":"DEFAULT_DATABASE","state":"ACTIVE"}
[debug] [2022-06-27T19:44:43.136Z] >>> [apiv2][query] POST https://firebasedatabase.googleapis.com/v1beta/projects/item-manager-707c2/locations/us-central1/instances databaseId=item-manager-707c2-default-rtdb
[debug] [2022-06-27T19:44:43.136Z] >>> [apiv2][body] POST https://firebasedatabase.googleapis.com/v1beta/projects/item-manager-707c2/locations/us-central1/instances {"type":"default_database"}
[debug] [2022-06-27T19:44:43.728Z] <<< [apiv2][status] POST https://firebasedatabase.googleapis.com/v1beta/projects/item-manager-707c2/locations/us-central1/instances 200
[debug] [2022-06-27T19:44:43.728Z] <<< [apiv2][body] POST https://firebasedatabase.googleapis.com/v1beta/projects/item-manager-707c2/locations/us-central1/instances {"name":"projects/858332584629/locations/us-central1/instances/item-manager-707c2-default-rtdb","project":"projects/858332584629","databaseUrl":"https://item-manager-707c2-default-rtdb.firebaseio.com","type":"DEFAULT_DATABASE","state":"ACTIVE"}
[info] 
[info] Firebase Realtime Database Security Rules allow you to define how your data should be
[info] structured and when your data can be read from and written to.
[info] 
[debug] [2022-06-27T19:44:50.941Z] >>> [apiv2][query] GET https://item-manager-707c2-default-rtdb.firebaseio.com/.settings/rules.json [none]
[debug] [2022-06-27T19:44:51.616Z] <<< [apiv2][status] GET https://item-manager-707c2-default-rtdb.firebaseio.com/.settings/rules.json 200
[debug] [2022-06-27T19:44:51.616Z] <<< [apiv2][body] GET https://item-manager-707c2-default-rtdb.firebaseio.com/.settings/rules.json [stream]
[info] +  Database Rules for item-manager-707c2-default-rtdb have been written to database.rules.json. 
[info] Future modifications to database.rules.json will update Realtime Database Security Rules when you run
[info] firebase deploy.
[info] 
=== Hosting Setup
[info] 
[info] Your public directory is the folder (relative to your project directory) that
[info] will contain Hosting assets to be uploaded with firebase deploy. If you
[info] have a build process for your assets, use your build's output directory.
[info] 
[debug] [2022-06-27T19:45:07.475Z] >>> [apiv2][query] GET https://www.gstatic.com/firebasejs/releases.json [none]
[debug] [2022-06-27T19:45:07.661Z] <<< [apiv2][status] GET https://www.gstatic.com/firebasejs/releases.json 200
[debug] [2022-06-27T19:45:07.661Z] <<< [apiv2][body] GET https://www.gstatic.com/firebasejs/releases.json {"current":{"version":"9.8.4","browserURL":"https://www.gstatic.com/firebasejs/9.8.4/firebase.js","packageURL":"https://www.gstatic.com/firebasejs/9.8.4/firebase.tgz"},"live":{"version":"9.8","browserURL":"https://www.gstatic.com/firebasejs/live/9.8/firebase.js","packageURL":"https://www.gstatic.com/firebasejs/live/9.8/firebase.tgz"},"components":{"analytics":"https://www.gstatic.com/firebasejs/9.8.4/firebase-analytics.js","app":"https://www.gstatic.com/firebasejs/9.8.4/firebase-app.js","app-check":"https://www.gstatic.com/firebasejs/9.8.4/firebase-app-check.js","auth":"https://www.gstatic.com/firebasejs/9.8.4/firebase-auth.js","auth/cordova":"https://www.gstatic.com/firebasejs/9.8.4/firebase-auth/cordova.js","auth/react-native":"https://www.gstatic.com/firebasejs/9.8.4/firebase-auth/react-native.js","functions":"https://www.gstatic.com/firebasejs/9.8.4/firebase-functions.js","firestore":"https://www.gstatic.com/firebasejs/9.8.4/firebase-firestore.js","firestore/lite":"https://www.gstatic.com/firebasejs/9.8.4/firebase-firestore/lite.js","storage":"https://www.gstatic.com/firebasejs/9.8.4/firebase-storage.js","performance":"https://www.gstatic.com/firebasejs/9.8.4/firebase-performance.js","remote-config":"https://www.gstatic.com/firebasejs/9.8.4/firebase-remote-config.js","messaging":"https://www.gstatic.com/firebasejs/9.8.4/firebase-messaging.js","messaging/sw":"https://www.gstatic.com/firebasejs/9.8.4/firebase-messaging/sw.js","database":"https://www.gstatic.com/firebasejs/9.8.4/firebase-database.js","firestore.memory":"https://www.gstatic.com/firebasejs/9.8.4/firebase-firestore.memory.js"}}
[info] +  Wrote public/index.html 
[info] 
[info] i  Detected a .git folder at C:\Users\onurk\OneDrive\Desktop\Item Management Application 
[info] i  Authorizing with GitHub to upload your service account to a GitHub repository's secrets store. 
[info] 
[info] Visit this URL on this device to log in:
[info] https://github.com/login/oauth/authorize?client_id=89cf50f02ac6aaed3484&state=906543237&redirect_uri=http%3A%2F%2Flocalhost%3A9005&scope=read%3Auser%20repo%20public_repo
[info] 
[info] Waiting for authentication...
[debug] [2022-06-27T19:45:24.790Z] >>> [apiv2][query] POST https://github.com/login/oauth/access_token [none]
[debug] [2022-06-27T19:45:24.790Z] >>> [apiv2][body] POST https://github.com/login/oauth/access_token [stream]
[debug] [2022-06-27T19:45:25.151Z] <<< [apiv2][status] POST https://github.com/login/oauth/access_token 200
[debug] [2022-06-27T19:45:25.152Z] <<< [apiv2][body] POST https://github.com/login/oauth/access_token {"access_token":"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","token_type":"bearer","scope":"read:user,repo"}
[debug] [2022-06-27T19:45:25.155Z] >>> [apiv2][query] GET https://api.github.com/user [none]
[debug] [2022-06-27T19:45:25.492Z] <<< [apiv2][status] GET https://api.github.com/user 200
[debug] [2022-06-27T19:45:25.492Z] <<< [apiv2][body] GET https://api.github.com/user {"login":"onurk03","id":65676529,"node_id":"MDQ6VXNlcjY1Njc2NTI5","avatar_url":"https://avatars.githubusercontent.com/u/65676529?v=4","gravatar_id":"","url":"https://api.github.com/users/onurk03","html_url":"https://github.com/onurk03","followers_url":"https://api.github.com/users/onurk03/followers","following_url":"https://api.github.com/users/onurk03/following{/other_user}","gists_url":"https://api.github.com/users/onurk03/gists{/gist_id}","starred_url":"https://api.github.com/users/onurk03/starred{/owner}{/repo}","subscriptions_url":"https://api.github.com/users/onurk03/subscriptions","organizations_url":"https://api.github.com/users/onurk03/orgs","repos_url":"https://api.github.com/users/onurk03/repos","events_url":"https://api.github.com/users/onurk03/events{/privacy}","received_events_url":"https://api.github.com/users/onurk03/received_events","type":"User","site_admin":false,"name":"Onur Kanmaz","company":"University of Wisconsin","blog":"","location":"Madison, WI","email":null,"hireable":null,"bio":"UW-Madison Computer Sciences Student.\r\nInterested in web development.\r\n- Projected Graduation, 2025.","twitter_username":null,"public_repos":4,"public_gists":0,"followers":0,"following":0,"created_at":"2020-05-20T17:33:28Z","updated_at":"2022-06-22T01:14:14Z","private_gists":0,"total_private_repos":2,"owned_private_repos":2,"disk_usage":46837,"collaborators":0,"two_factor_authentication":false,"plan":{"name":"pro","space":976562499,"collaborators":0,"private_repos":9999}}
[info] 
[info] +  Success! Logged into GitHub as onurk03 
[info] 
